<?xml version="1.0" encoding="UTF-8"?>
<!-- Generated by org.testng.reporters.JUnitXMLReporter -->
<testsuite hostname="DESKTOP-BC5ENC1" ignored="2" name="Test2" tests="2" failures="0" timestamp="2022-05-24T05:24:42 PDT" time="0.243" errors="0">
  <testcase name="@BeforeClass beforeClassTest" time="-1.6533950825E9" classname="com.Vtiger.Utilitys.BaseClass">
    <failure type="org.testng.TestNGException" message="
Parameter &amp;apos;browser&amp;apos; is required by BeforeClass on method beforeClassTest but has not been marked @Optional or defined
in C:\Users\HARISH\workspace\SDET34L1\testng_retry.xml">
      <![CDATA[org.testng.TestNGException: 
Parameter 'browser' is required by BeforeClass on method beforeClassTest but has not been marked @Optional or defined
in C:\Users\HARISH\workspace\SDET34L1\testng_retry.xml
at java.util.ArrayList.forEach(ArrayList.java:1257)
... Removed 22 stack frames]]>
    </failure>
  </testcase> <!-- @BeforeClass beforeClassTest -->
  <testcase name="@BeforeMethod beforeMethodTest" time="-1.653395082537E9" classname="com.Vtiger.Utilitys.BaseClass">
    <skipped/>
  </testcase> <!-- @BeforeMethod beforeMethodTest -->
  <testcase name="@AfterMethod afterMethodTest" time="-1.653395082612E9" classname="com.Vtiger.Utilitys.BaseClass">
    <skipped/>
  </testcase> <!-- @AfterMethod afterMethodTest -->
  <testcase name="@AfterClass afterClassTest" time="-1.653395082639E9" classname="com.Vtiger.Utilitys.BaseClass">
    <skipped/>
  </testcase> <!-- @AfterClass afterClassTest -->
  <testcase name="@BeforeClass beforeClassTest" time="-1.653395082647E9" classname="com.Vtiger.Utilitys.BaseClass">
    <failure type="org.testng.TestNGException" message="
Parameter &amp;apos;browser&amp;apos; is required by BeforeClass on method beforeClassTest but has not been marked @Optional or defined
in C:\Users\HARISH\workspace\SDET34L1\testng_retry.xml">
      <![CDATA[org.testng.TestNGException: 
Parameter 'browser' is required by BeforeClass on method beforeClassTest but has not been marked @Optional or defined
in C:\Users\HARISH\workspace\SDET34L1\testng_retry.xml
at java.util.ArrayList.forEach(ArrayList.java:1257)
... Removed 22 stack frames]]>
    </failure>
  </testcase> <!-- @BeforeClass beforeClassTest -->
  <testcase name="@BeforeMethod beforeMethodTest" time="-1.65339508269E9" classname="com.Vtiger.Utilitys.BaseClass">
    <skipped/>
  </testcase> <!-- @BeforeMethod beforeMethodTest -->
  <testcase name="@AfterMethod afterMethodTest" time="-1.653395082719E9" classname="com.Vtiger.Utilitys.BaseClass">
    <skipped/>
  </testcase> <!-- @AfterMethod afterMethodTest -->
  <testcase name="@AfterClass afterClassTest" time="-1.653395082732E9" classname="com.Vtiger.Utilitys.BaseClass">
    <skipped/>
  </testcase> <!-- @AfterClass afterClassTest -->
  <testcase name="createContactsTest" time="0.0" classname="com.Vtiger.ContactsTest.CreateContactsTest">
    <skipped/>
  </testcase> <!-- createContactsTest -->
  <testcase name="createContactWithOrganizationTest" time="0.0" classname="com.Vtiger.ContactsTest.CreateContactWithOrganizationTest">
    <skipped/>
  </testcase> <!-- createContactWithOrganizationTest -->
  <testcase name="@BeforeSuite beforeSuiteTest" time="0.0" classname="com.Vtiger.Utilitys.BaseClass">
    <ignored/>
  </testcase> <!-- @BeforeSuite beforeSuiteTest -->
  <testcase name="@AfterSuite aftersuiteTest" time="0.0" classname="com.Vtiger.Utilitys.BaseClass">
    <ignored/>
  </testcase> <!-- @AfterSuite aftersuiteTest -->
</testsuite> <!-- Test2 -->
